<?xml version="1.0" encoding="UTF-8"?>
<robot generator="Robot 6.0.2 (Python 3.11.1 on win32)" generated="20230121 17:11:35.269" rpa="false" schemaversion="3">
<suite id="s1" name="Api Test User" source="C:\Robot-Framework\serverest_api_test_robot\user_api_testing\api_test_user.robot">
<test id="s1-t1" name="Cenário 01: Cadastrar um novo usuário com sucesso na ServeRest" line="6">
<kw name="Criar um usuário novo" library="api_test_user">
<kw name="Generate Random String" library="String">
<var>${palavra_aleatoria}</var>
<arg>length=4</arg>
<arg>chars=[LETTERS]</arg>
<doc>Generates a string with a desired ``length`` from the given ``chars``.</doc>
<msg timestamp="20230121 17:11:35.837" level="INFO">${palavra_aleatoria} = IOrD</msg>
<status status="PASS" starttime="20230121 17:11:35.836" endtime="20230121 17:11:35.837"/>
</kw>
<kw name="Convert To Lower Case" library="String">
<var>${palavra_aleatoria}</var>
<arg>${palavra_aleatoria}</arg>
<doc>Converts string to lower case.</doc>
<msg timestamp="20230121 17:11:35.838" level="INFO">${palavra_aleatoria} = iord</msg>
<status status="PASS" starttime="20230121 17:11:35.837" endtime="20230121 17:11:35.838"/>
</kw>
<kw name="Set Test Variable" library="BuiltIn">
<arg>${EMAIL_TESTE}</arg>
<arg>${palavra_aleatoria}@emailteste.com</arg>
<doc>Makes a variable available everywhere within the scope of the current test.</doc>
<msg timestamp="20230121 17:11:35.838" level="INFO">${EMAIL_TESTE} = iord@emailteste.com</msg>
<status status="PASS" starttime="20230121 17:11:35.838" endtime="20230121 17:11:35.838"/>
</kw>
<kw name="Log" library="BuiltIn">
<arg>${EMAIL_TESTE}</arg>
<doc>Logs the given message with the given level.</doc>
<msg timestamp="20230121 17:11:35.838" level="INFO">iord@emailteste.com</msg>
<status status="PASS" starttime="20230121 17:11:35.838" endtime="20230121 17:11:35.838"/>
</kw>
<status status="PASS" starttime="20230121 17:11:35.835" endtime="20230121 17:11:35.838"/>
</kw>
<kw name="Cadastrar o usuário criado na ServeRest" library="api_test_user">
<arg>email=${EMAIL_TESTE}</arg>
<arg>status_code_desejado=201</arg>
<kw name="Create Dictionary" library="BuiltIn">
<var>${body}</var>
<arg>nome=Fulano da Silva</arg>
<arg>email=${email}</arg>
<arg>password=1234</arg>
<arg>administrador=true</arg>
<doc>Creates and returns a dictionary based on the given ``items``.</doc>
<msg timestamp="20230121 17:11:35.838" level="INFO">${body} = {'nome': 'Fulano da Silva', 'email': 'iord@emailteste.com', 'password': '1234', 'administrador': 'true'}</msg>
<status status="PASS" starttime="20230121 17:11:35.838" endtime="20230121 17:11:35.838"/>
</kw>
<kw name="Log" library="BuiltIn">
<arg>${body}</arg>
<doc>Logs the given message with the given level.</doc>
<msg timestamp="20230121 17:11:35.838" level="INFO">{'nome': 'Fulano da Silva', 'email': 'iord@emailteste.com', 'password': '1234', 'administrador': 'true'}</msg>
<status status="PASS" starttime="20230121 17:11:35.838" endtime="20230121 17:11:35.838"/>
</kw>
<kw name="Criar Sessão na ServeRest" library="api_test_user">
<kw name="Create Dictionary" library="BuiltIn">
<var>${headers}</var>
<arg>accept=application/json</arg>
<arg>Content-Type=application/json</arg>
<doc>Creates and returns a dictionary based on the given ``items``.</doc>
<msg timestamp="20230121 17:11:35.838" level="INFO">${headers} = {'accept': 'application/json', 'Content-Type': 'application/json'}</msg>
<status status="PASS" starttime="20230121 17:11:35.838" endtime="20230121 17:11:35.838"/>
</kw>
<kw name="Create Session" library="RequestsLibrary">
<arg>alias=ServeRest</arg>
<arg>url=https://serverest.dev</arg>
<arg>headers=${headers}</arg>
<doc>Create Session: create a HTTP session to a server</doc>
<msg timestamp="20230121 17:11:35.838" level="INFO">Creating Session using : alias=ServeRest, url=https://serverest.dev, headers={'accept': 'application/json', 'Content-Type': 'application/json'},                     cookies={}, auth=None, timeout=None, proxies=None, verify=False,                     debug=0 </msg>
<status status="PASS" starttime="20230121 17:11:35.838" endtime="20230121 17:11:35.838"/>
</kw>
<status status="PASS" starttime="20230121 17:11:35.838" endtime="20230121 17:11:35.838"/>
</kw>
<kw name="POST On Session" library="RequestsLibrary">
<var>${resposta}</var>
<arg>alias=ServeRest</arg>
<arg>url=/usuarios</arg>
<arg>json=${body}</arg>
<arg>expected_status=${status_code_desejado}</arg>
<doc>Sends a POST request on a previously created HTTP Session.</doc>
<msg timestamp="20230121 17:11:36.434" level="INFO">POST Request : url=https://serverest.dev/usuarios 
 path_url=/usuarios 
 headers={'User-Agent': 'python-requests/2.28.2', 'Accept-Encoding': 'gzip, deflate', 'accept': 'application/json', 'Connection': 'keep-alive', 'Content-Type': 'application/json', 'Content-Length': '104'} 
 body=b'{"nome": "Fulano da Silva", "email": "iord@emailteste.com", "password": "1234", "administrador": "true"}' 
 </msg>
<msg timestamp="20230121 17:11:36.434" level="INFO">POST Response : url=https://serverest.dev/usuarios 
 status=201, reason=Created 
 headers={'access-control-allow-origin': '*', 'x-dns-prefetch-control': 'off', 'x-frame-options': 'SAMEORIGIN', 'strict-transport-security': 'max-age=15552000; includeSubDomains', 'x-download-options': 'noopen', 'x-content-type-options': 'nosniff', 'x-xss-protection': '1; mode=block', 'x-moesif-transaction-id': '492bbf79-361d-4c27-aa9e-b9f6dc262b94', 'content-type': 'application/json; charset=utf-8', 'X-Cloud-Trace-Context': '81634ef09c38316862539703f2b5afcb;o=1', 'Date': 'Sat, 21 Jan 2023 20:11:42 GMT', 'Server': 'Google Frontend', 'Content-Length': '82'} 
 body={
    "message": "Cadastro realizado com sucesso",
    "_id": "prvWfqclHnYy3sSo"
} 
 </msg>
<msg timestamp="20230121 17:11:36.434" level="INFO">C:\Users\RogeTx\AppData\Local\Programs\Python\Python311\Lib\site-packages\urllib3\connectionpool.py:1045: InsecureRequestWarning: Unverified HTTPS request is being made to host 'serverest.dev'. Adding certificate verification is strongly advised. See: https://urllib3.readthedocs.io/en/1.26.x/advanced-usage.html#ssl-warnings
  warnings.warn(</msg>
<msg timestamp="20230121 17:11:36.445" level="INFO">${resposta} = &lt;Response [201]&gt;</msg>
<status status="PASS" starttime="20230121 17:11:35.838" endtime="20230121 17:11:36.445"/>
</kw>
<kw name="Log" library="BuiltIn">
<arg>${resposta.json()}</arg>
<doc>Logs the given message with the given level.</doc>
<msg timestamp="20230121 17:11:36.447" level="INFO">{'message': 'Cadastro realizado com sucesso', '_id': 'prvWfqclHnYy3sSo'}</msg>
<status status="PASS" starttime="20230121 17:11:36.445" endtime="20230121 17:11:36.447"/>
</kw>
<kw name="Set Test Variable" library="BuiltIn">
<arg>${ID_USUARIO}</arg>
<arg>${resposta.json()["_id"]}</arg>
<doc>Makes a variable available everywhere within the scope of the current test.</doc>
<msg timestamp="20230121 17:11:36.449" level="INFO">${ID_USUARIO} = prvWfqclHnYy3sSo</msg>
<status status="PASS" starttime="20230121 17:11:36.447" endtime="20230121 17:11:36.449"/>
</kw>
<kw name="Set Test Variable" library="BuiltIn">
<arg>${RESPOSTA}</arg>
<arg>${resposta.json()}</arg>
<doc>Makes a variable available everywhere within the scope of the current test.</doc>
<msg timestamp="20230121 17:11:36.450" level="INFO">${RESPOSTA} = {'message': 'Cadastro realizado com sucesso', '_id': 'prvWfqclHnYy3sSo'}</msg>
<status status="PASS" starttime="20230121 17:11:36.449" endtime="20230121 17:11:36.450"/>
</kw>
<status status="PASS" starttime="20230121 17:11:35.838" endtime="20230121 17:11:36.450"/>
</kw>
<kw name="Conferir se o usuário foi cadastrado corretamente" library="api_test_user">
<kw name="Log" library="BuiltIn">
<arg>${RESPOSTA}</arg>
<doc>Logs the given message with the given level.</doc>
<msg timestamp="20230121 17:11:36.492" level="INFO">{'message': 'Cadastro realizado com sucesso', '_id': 'prvWfqclHnYy3sSo'}</msg>
<status status="PASS" starttime="20230121 17:11:36.492" endtime="20230121 17:11:36.492"/>
</kw>
<kw name="Dictionary Should Contain Item" library="Collections">
<arg>${RESPOSTA}</arg>
<arg>message</arg>
<arg>Cadastro realizado com sucesso</arg>
<doc>An item of ``key`` / ``value`` must be found in a ``dictionary``.</doc>
<status status="PASS" starttime="20230121 17:11:36.492" endtime="20230121 17:11:36.493"/>
</kw>
<kw name="Dictionary Should Contain Key" library="Collections">
<arg>${RESPOSTA}</arg>
<arg>_id</arg>
<doc>Fails if ``key`` is not found from ``dictionary``.</doc>
<status status="PASS" starttime="20230121 17:11:36.493" endtime="20230121 17:11:36.493"/>
</kw>
<status status="PASS" starttime="20230121 17:11:36.491" endtime="20230121 17:11:36.493"/>
</kw>
<status status="PASS" starttime="20230121 17:11:35.829" endtime="20230121 17:11:36.494"/>
</test>
<test id="s1-t2" name="Cenário 02: Cadastrar um usuário já existente" line="11">
<kw name="Criar um usuário novo" library="api_test_user">
<kw name="Generate Random String" library="String">
<var>${palavra_aleatoria}</var>
<arg>length=4</arg>
<arg>chars=[LETTERS]</arg>
<doc>Generates a string with a desired ``length`` from the given ``chars``.</doc>
<msg timestamp="20230121 17:11:36.500" level="INFO">${palavra_aleatoria} = roid</msg>
<status status="PASS" starttime="20230121 17:11:36.500" endtime="20230121 17:11:36.500"/>
</kw>
<kw name="Convert To Lower Case" library="String">
<var>${palavra_aleatoria}</var>
<arg>${palavra_aleatoria}</arg>
<doc>Converts string to lower case.</doc>
<msg timestamp="20230121 17:11:36.501" level="INFO">${palavra_aleatoria} = roid</msg>
<status status="PASS" starttime="20230121 17:11:36.501" endtime="20230121 17:11:36.501"/>
</kw>
<kw name="Set Test Variable" library="BuiltIn">
<arg>${EMAIL_TESTE}</arg>
<arg>${palavra_aleatoria}@emailteste.com</arg>
<doc>Makes a variable available everywhere within the scope of the current test.</doc>
<msg timestamp="20230121 17:11:36.502" level="INFO">${EMAIL_TESTE} = roid@emailteste.com</msg>
<status status="PASS" starttime="20230121 17:11:36.501" endtime="20230121 17:11:36.503"/>
</kw>
<kw name="Log" library="BuiltIn">
<arg>${EMAIL_TESTE}</arg>
<doc>Logs the given message with the given level.</doc>
<msg timestamp="20230121 17:11:36.503" level="INFO">roid@emailteste.com</msg>
<status status="PASS" starttime="20230121 17:11:36.503" endtime="20230121 17:11:36.503"/>
</kw>
<status status="PASS" starttime="20230121 17:11:36.499" endtime="20230121 17:11:36.503"/>
</kw>
<kw name="Cadastrar o usuário criado na ServeRest" library="api_test_user">
<arg>email=${EMAIL_TESTE}</arg>
<arg>status_code_desejado=201</arg>
<kw name="Create Dictionary" library="BuiltIn">
<var>${body}</var>
<arg>nome=Fulano da Silva</arg>
<arg>email=${email}</arg>
<arg>password=1234</arg>
<arg>administrador=true</arg>
<doc>Creates and returns a dictionary based on the given ``items``.</doc>
<msg timestamp="20230121 17:11:36.507" level="INFO">${body} = {'nome': 'Fulano da Silva', 'email': 'roid@emailteste.com', 'password': '1234', 'administrador': 'true'}</msg>
<status status="PASS" starttime="20230121 17:11:36.506" endtime="20230121 17:11:36.507"/>
</kw>
<kw name="Log" library="BuiltIn">
<arg>${body}</arg>
<doc>Logs the given message with the given level.</doc>
<msg timestamp="20230121 17:11:36.507" level="INFO">{'nome': 'Fulano da Silva', 'email': 'roid@emailteste.com', 'password': '1234', 'administrador': 'true'}</msg>
<status status="PASS" starttime="20230121 17:11:36.507" endtime="20230121 17:11:36.508"/>
</kw>
<kw name="Criar Sessão na ServeRest" library="api_test_user">
<kw name="Create Dictionary" library="BuiltIn">
<var>${headers}</var>
<arg>accept=application/json</arg>
<arg>Content-Type=application/json</arg>
<doc>Creates and returns a dictionary based on the given ``items``.</doc>
<msg timestamp="20230121 17:11:36.511" level="INFO">${headers} = {'accept': 'application/json', 'Content-Type': 'application/json'}</msg>
<status status="PASS" starttime="20230121 17:11:36.511" endtime="20230121 17:11:36.511"/>
</kw>
<kw name="Create Session" library="RequestsLibrary">
<arg>alias=ServeRest</arg>
<arg>url=https://serverest.dev</arg>
<arg>headers=${headers}</arg>
<doc>Create Session: create a HTTP session to a server</doc>
<msg timestamp="20230121 17:11:36.512" level="INFO">Creating Session using : alias=ServeRest, url=https://serverest.dev, headers={'accept': 'application/json', 'Content-Type': 'application/json'},                     cookies={}, auth=None, timeout=None, proxies=None, verify=False,                     debug=0 </msg>
<status status="PASS" starttime="20230121 17:11:36.511" endtime="20230121 17:11:36.513"/>
</kw>
<status status="PASS" starttime="20230121 17:11:36.510" endtime="20230121 17:11:36.513"/>
</kw>
<kw name="POST On Session" library="RequestsLibrary">
<var>${resposta}</var>
<arg>alias=ServeRest</arg>
<arg>url=/usuarios</arg>
<arg>json=${body}</arg>
<arg>expected_status=${status_code_desejado}</arg>
<doc>Sends a POST request on a previously created HTTP Session.</doc>
<msg timestamp="20230121 17:11:36.986" level="INFO">POST Request : url=https://serverest.dev/usuarios 
 path_url=/usuarios 
 headers={'User-Agent': 'python-requests/2.28.2', 'Accept-Encoding': 'gzip, deflate', 'accept': 'application/json', 'Connection': 'keep-alive', 'Content-Type': 'application/json', 'Content-Length': '104'} 
 body=b'{"nome": "Fulano da Silva", "email": "roid@emailteste.com", "password": "1234", "administrador": "true"}' 
 </msg>
<msg timestamp="20230121 17:11:36.986" level="INFO">POST Response : url=https://serverest.dev/usuarios 
 status=201, reason=Created 
 headers={'access-control-allow-origin': '*', 'x-dns-prefetch-control': 'off', 'x-frame-options': 'SAMEORIGIN', 'strict-transport-security': 'max-age=15552000; includeSubDomains', 'x-download-options': 'noopen', 'x-content-type-options': 'nosniff', 'x-xss-protection': '1; mode=block', 'x-moesif-transaction-id': '1ea9d6e3-6715-41e6-af94-5fd6949df30f', 'content-type': 'application/json; charset=utf-8', 'X-Cloud-Trace-Context': '8d918ed236551be43a70baf64574fc10', 'Date': 'Sat, 21 Jan 2023 20:11:43 GMT', 'Server': 'Google Frontend', 'Content-Length': '82'} 
 body={
    "message": "Cadastro realizado com sucesso",
    "_id": "vSOHOyD0dqeNfoEq"
} 
 </msg>
<msg timestamp="20230121 17:11:36.986" level="INFO">C:\Users\RogeTx\AppData\Local\Programs\Python\Python311\Lib\site-packages\urllib3\connectionpool.py:1045: InsecureRequestWarning: Unverified HTTPS request is being made to host 'serverest.dev'. Adding certificate verification is strongly advised. See: https://urllib3.readthedocs.io/en/1.26.x/advanced-usage.html#ssl-warnings
  warnings.warn(</msg>
<msg timestamp="20230121 17:11:36.986" level="INFO">${resposta} = &lt;Response [201]&gt;</msg>
<status status="PASS" starttime="20230121 17:11:36.513" endtime="20230121 17:11:36.986"/>
</kw>
<kw name="Log" library="BuiltIn">
<arg>${resposta.json()}</arg>
<doc>Logs the given message with the given level.</doc>
<msg timestamp="20230121 17:11:36.986" level="INFO">{'message': 'Cadastro realizado com sucesso', '_id': 'vSOHOyD0dqeNfoEq'}</msg>
<status status="PASS" starttime="20230121 17:11:36.986" endtime="20230121 17:11:36.986"/>
</kw>
<kw name="Set Test Variable" library="BuiltIn">
<arg>${ID_USUARIO}</arg>
<arg>${resposta.json()["_id"]}</arg>
<doc>Makes a variable available everywhere within the scope of the current test.</doc>
<msg timestamp="20230121 17:11:37.005" level="INFO">${ID_USUARIO} = vSOHOyD0dqeNfoEq</msg>
<status status="PASS" starttime="20230121 17:11:36.986" endtime="20230121 17:11:37.005"/>
</kw>
<kw name="Set Test Variable" library="BuiltIn">
<arg>${RESPOSTA}</arg>
<arg>${resposta.json()}</arg>
<doc>Makes a variable available everywhere within the scope of the current test.</doc>
<msg timestamp="20230121 17:11:37.008" level="INFO">${RESPOSTA} = {'message': 'Cadastro realizado com sucesso', '_id': 'vSOHOyD0dqeNfoEq'}</msg>
<status status="PASS" starttime="20230121 17:11:37.006" endtime="20230121 17:11:37.008"/>
</kw>
<status status="PASS" starttime="20230121 17:11:36.505" endtime="20230121 17:11:37.008"/>
</kw>
<kw name="Vou repetir o cadastro do usuário" library="api_test_user">
<kw name="Cadastrar o usuário criado na ServeRest" library="api_test_user">
<arg>email=${EMAIL_TESTE}</arg>
<arg>status_code_desejado=400</arg>
<kw name="Create Dictionary" library="BuiltIn">
<var>${body}</var>
<arg>nome=Fulano da Silva</arg>
<arg>email=${email}</arg>
<arg>password=1234</arg>
<arg>administrador=true</arg>
<doc>Creates and returns a dictionary based on the given ``items``.</doc>
<msg timestamp="20230121 17:11:37.016" level="INFO">${body} = {'nome': 'Fulano da Silva', 'email': 'roid@emailteste.com', 'password': '1234', 'administrador': 'true'}</msg>
<status status="PASS" starttime="20230121 17:11:37.015" endtime="20230121 17:11:37.016"/>
</kw>
<kw name="Log" library="BuiltIn">
<arg>${body}</arg>
<doc>Logs the given message with the given level.</doc>
<msg timestamp="20230121 17:11:37.016" level="INFO">{'nome': 'Fulano da Silva', 'email': 'roid@emailteste.com', 'password': '1234', 'administrador': 'true'}</msg>
<status status="PASS" starttime="20230121 17:11:37.016" endtime="20230121 17:11:37.016"/>
</kw>
<kw name="Criar Sessão na ServeRest" library="api_test_user">
<kw name="Create Dictionary" library="BuiltIn">
<var>${headers}</var>
<arg>accept=application/json</arg>
<arg>Content-Type=application/json</arg>
<doc>Creates and returns a dictionary based on the given ``items``.</doc>
<msg timestamp="20230121 17:11:37.017" level="INFO">${headers} = {'accept': 'application/json', 'Content-Type': 'application/json'}</msg>
<status status="PASS" starttime="20230121 17:11:37.017" endtime="20230121 17:11:37.017"/>
</kw>
<kw name="Create Session" library="RequestsLibrary">
<arg>alias=ServeRest</arg>
<arg>url=https://serverest.dev</arg>
<arg>headers=${headers}</arg>
<doc>Create Session: create a HTTP session to a server</doc>
<msg timestamp="20230121 17:11:37.018" level="INFO">Creating Session using : alias=ServeRest, url=https://serverest.dev, headers={'accept': 'application/json', 'Content-Type': 'application/json'},                     cookies={}, auth=None, timeout=None, proxies=None, verify=False,                     debug=0 </msg>
<status status="PASS" starttime="20230121 17:11:37.018" endtime="20230121 17:11:37.018"/>
</kw>
<status status="PASS" starttime="20230121 17:11:37.016" endtime="20230121 17:11:37.019"/>
</kw>
<kw name="POST On Session" library="RequestsLibrary">
<var>${resposta}</var>
<arg>alias=ServeRest</arg>
<arg>url=/usuarios</arg>
<arg>json=${body}</arg>
<arg>expected_status=${status_code_desejado}</arg>
<doc>Sends a POST request on a previously created HTTP Session.</doc>
<msg timestamp="20230121 17:11:37.486" level="INFO">POST Request : url=https://serverest.dev/usuarios 
 path_url=/usuarios 
 headers={'User-Agent': 'python-requests/2.28.2', 'Accept-Encoding': 'gzip, deflate', 'accept': 'application/json', 'Connection': 'keep-alive', 'Content-Type': 'application/json', 'Content-Length': '104'} 
 body=b'{"nome": "Fulano da Silva", "email": "roid@emailteste.com", "password": "1234", "administrador": "true"}' 
 </msg>
<msg timestamp="20230121 17:11:37.486" level="INFO">POST Response : url=https://serverest.dev/usuarios 
 status=400, reason=Bad Request 
 headers={'access-control-allow-origin': '*', 'x-dns-prefetch-control': 'off', 'x-frame-options': 'SAMEORIGIN', 'strict-transport-security': 'max-age=15552000; includeSubDomains', 'x-download-options': 'noopen', 'x-content-type-options': 'nosniff', 'x-xss-protection': '1; mode=block', 'x-moesif-transaction-id': '975c9f55-d1dd-4755-a4cf-bedabf0c5f42', 'content-type': 'application/json; charset=utf-8', 'X-Cloud-Trace-Context': '5db56ba123f7f9cc481b603658a33d76', 'Date': 'Sat, 21 Jan 2023 20:11:43 GMT', 'Server': 'Google Frontend', 'Content-Length': '53'} 
 body={
    "message": "Este email já está sendo usado"
} 
 </msg>
<msg timestamp="20230121 17:11:37.486" level="INFO">C:\Users\RogeTx\AppData\Local\Programs\Python\Python311\Lib\site-packages\urllib3\connectionpool.py:1045: InsecureRequestWarning: Unverified HTTPS request is being made to host 'serverest.dev'. Adding certificate verification is strongly advised. See: https://urllib3.readthedocs.io/en/1.26.x/advanced-usage.html#ssl-warnings
  warnings.warn(</msg>
<msg timestamp="20230121 17:11:37.486" level="INFO">${resposta} = &lt;Response [400]&gt;</msg>
<status status="PASS" starttime="20230121 17:11:37.019" endtime="20230121 17:11:37.486"/>
</kw>
<kw name="Log" library="BuiltIn">
<arg>${resposta.json()}</arg>
<doc>Logs the given message with the given level.</doc>
<msg timestamp="20230121 17:11:37.486" level="INFO">{'message': 'Este email já está sendo usado'}</msg>
<status status="PASS" starttime="20230121 17:11:37.486" endtime="20230121 17:11:37.486"/>
</kw>
<kw name="Set Test Variable" library="BuiltIn">
<arg>${ID_USUARIO}</arg>
<arg>${resposta.json()["_id"]}</arg>
<doc>Makes a variable available everywhere within the scope of the current test.</doc>
<msg timestamp="20230121 17:11:37.501" level="FAIL">Resolving variable '${resposta.json()["_id"]}' failed: KeyError: '_id'</msg>
<status status="FAIL" starttime="20230121 17:11:37.486" endtime="20230121 17:11:37.501"/>
</kw>
<kw name="Set Test Variable" library="BuiltIn">
<arg>${RESPOSTA}</arg>
<arg>${resposta.json()}</arg>
<doc>Makes a variable available everywhere within the scope of the current test.</doc>
<status status="NOT RUN" starttime="20230121 17:11:37.501" endtime="20230121 17:11:37.501"/>
</kw>
<status status="FAIL" starttime="20230121 17:11:37.014" endtime="20230121 17:11:37.502"/>
</kw>
<status status="FAIL" starttime="20230121 17:11:37.014" endtime="20230121 17:11:37.502"/>
</kw>
<kw name="Verificar se a API não permitiu o cadastro repetido" library="api_test_user">
<status status="NOT RUN" starttime="20230121 17:11:37.503" endtime="20230121 17:11:37.503"/>
</kw>
<status status="FAIL" starttime="20230121 17:11:36.498" endtime="20230121 17:11:37.504">Resolving variable '${resposta.json()["_id"]}' failed: KeyError: '_id'</status>
</test>
<test id="s1-t3" name="Cenário 03: Consultar os dados de um novo usuário" line="17">
<kw name="Criar um usuário novo" library="api_test_user">
<kw name="Generate Random String" library="String">
<var>${palavra_aleatoria}</var>
<arg>length=4</arg>
<arg>chars=[LETTERS]</arg>
<doc>Generates a string with a desired ``length`` from the given ``chars``.</doc>
<msg timestamp="20230121 17:11:37.507" level="INFO">${palavra_aleatoria} = nfBx</msg>
<status status="PASS" starttime="20230121 17:11:37.506" endtime="20230121 17:11:37.507"/>
</kw>
<kw name="Convert To Lower Case" library="String">
<var>${palavra_aleatoria}</var>
<arg>${palavra_aleatoria}</arg>
<doc>Converts string to lower case.</doc>
<msg timestamp="20230121 17:11:37.508" level="INFO">${palavra_aleatoria} = nfbx</msg>
<status status="PASS" starttime="20230121 17:11:37.507" endtime="20230121 17:11:37.508"/>
</kw>
<kw name="Set Test Variable" library="BuiltIn">
<arg>${EMAIL_TESTE}</arg>
<arg>${palavra_aleatoria}@emailteste.com</arg>
<doc>Makes a variable available everywhere within the scope of the current test.</doc>
<msg timestamp="20230121 17:11:37.509" level="INFO">${EMAIL_TESTE} = nfbx@emailteste.com</msg>
<status status="PASS" starttime="20230121 17:11:37.508" endtime="20230121 17:11:37.509"/>
</kw>
<kw name="Log" library="BuiltIn">
<arg>${EMAIL_TESTE}</arg>
<doc>Logs the given message with the given level.</doc>
<msg timestamp="20230121 17:11:37.510" level="INFO">nfbx@emailteste.com</msg>
<status status="PASS" starttime="20230121 17:11:37.509" endtime="20230121 17:11:37.510"/>
</kw>
<status status="PASS" starttime="20230121 17:11:37.506" endtime="20230121 17:11:37.510"/>
</kw>
<kw name="Cadastrar o usuário criado na ServeRest" library="api_test_user">
<arg>email=${EMAIL_TESTE}</arg>
<arg>status_code_desejado=201</arg>
<kw name="Create Dictionary" library="BuiltIn">
<var>${body}</var>
<arg>nome=Fulano da Silva</arg>
<arg>email=${email}</arg>
<arg>password=1234</arg>
<arg>administrador=true</arg>
<doc>Creates and returns a dictionary based on the given ``items``.</doc>
<msg timestamp="20230121 17:11:37.512" level="INFO">${body} = {'nome': 'Fulano da Silva', 'email': 'nfbx@emailteste.com', 'password': '1234', 'administrador': 'true'}</msg>
<status status="PASS" starttime="20230121 17:11:37.511" endtime="20230121 17:11:37.512"/>
</kw>
<kw name="Log" library="BuiltIn">
<arg>${body}</arg>
<doc>Logs the given message with the given level.</doc>
<msg timestamp="20230121 17:11:37.513" level="INFO">{'nome': 'Fulano da Silva', 'email': 'nfbx@emailteste.com', 'password': '1234', 'administrador': 'true'}</msg>
<status status="PASS" starttime="20230121 17:11:37.512" endtime="20230121 17:11:37.513"/>
</kw>
<kw name="Criar Sessão na ServeRest" library="api_test_user">
<kw name="Create Dictionary" library="BuiltIn">
<var>${headers}</var>
<arg>accept=application/json</arg>
<arg>Content-Type=application/json</arg>
<doc>Creates and returns a dictionary based on the given ``items``.</doc>
<msg timestamp="20230121 17:11:37.513" level="INFO">${headers} = {'accept': 'application/json', 'Content-Type': 'application/json'}</msg>
<status status="PASS" starttime="20230121 17:11:37.513" endtime="20230121 17:11:37.514"/>
</kw>
<kw name="Create Session" library="RequestsLibrary">
<arg>alias=ServeRest</arg>
<arg>url=https://serverest.dev</arg>
<arg>headers=${headers}</arg>
<doc>Create Session: create a HTTP session to a server</doc>
<msg timestamp="20230121 17:11:37.514" level="INFO">Creating Session using : alias=ServeRest, url=https://serverest.dev, headers={'accept': 'application/json', 'Content-Type': 'application/json'},                     cookies={}, auth=None, timeout=None, proxies=None, verify=False,                     debug=0 </msg>
<status status="PASS" starttime="20230121 17:11:37.514" endtime="20230121 17:11:37.515"/>
</kw>
<status status="PASS" starttime="20230121 17:11:37.513" endtime="20230121 17:11:37.515"/>
</kw>
<kw name="POST On Session" library="RequestsLibrary">
<var>${resposta}</var>
<arg>alias=ServeRest</arg>
<arg>url=/usuarios</arg>
<arg>json=${body}</arg>
<arg>expected_status=${status_code_desejado}</arg>
<doc>Sends a POST request on a previously created HTTP Session.</doc>
<msg timestamp="20230121 17:11:37.984" level="INFO">POST Request : url=https://serverest.dev/usuarios 
 path_url=/usuarios 
 headers={'User-Agent': 'python-requests/2.28.2', 'Accept-Encoding': 'gzip, deflate', 'accept': 'application/json', 'Connection': 'keep-alive', 'Content-Type': 'application/json', 'Content-Length': '104'} 
 body=b'{"nome": "Fulano da Silva", "email": "nfbx@emailteste.com", "password": "1234", "administrador": "true"}' 
 </msg>
<msg timestamp="20230121 17:11:37.999" level="INFO">POST Response : url=https://serverest.dev/usuarios 
 status=201, reason=Created 
 headers={'access-control-allow-origin': '*', 'x-dns-prefetch-control': 'off', 'x-frame-options': 'SAMEORIGIN', 'strict-transport-security': 'max-age=15552000; includeSubDomains', 'x-download-options': 'noopen', 'x-content-type-options': 'nosniff', 'x-xss-protection': '1; mode=block', 'x-moesif-transaction-id': '75352265-21fe-4221-a705-7c37cb5e93b1', 'content-type': 'application/json; charset=utf-8', 'X-Cloud-Trace-Context': 'adcd23253735b2d36ff0000f6bb5d00c', 'Date': 'Sat, 21 Jan 2023 20:11:44 GMT', 'Server': 'Google Frontend', 'Content-Length': '82'} 
 body={
    "message": "Cadastro realizado com sucesso",
    "_id": "lGHm7BhkUQtQpkuI"
} 
 </msg>
<msg timestamp="20230121 17:11:37.999" level="INFO">C:\Users\RogeTx\AppData\Local\Programs\Python\Python311\Lib\site-packages\urllib3\connectionpool.py:1045: InsecureRequestWarning: Unverified HTTPS request is being made to host 'serverest.dev'. Adding certificate verification is strongly advised. See: https://urllib3.readthedocs.io/en/1.26.x/advanced-usage.html#ssl-warnings
  warnings.warn(</msg>
<msg timestamp="20230121 17:11:37.999" level="INFO">${resposta} = &lt;Response [201]&gt;</msg>
<status status="PASS" starttime="20230121 17:11:37.515" endtime="20230121 17:11:37.999"/>
</kw>
<kw name="Log" library="BuiltIn">
<arg>${resposta.json()}</arg>
<doc>Logs the given message with the given level.</doc>
<msg timestamp="20230121 17:11:37.999" level="INFO">{'message': 'Cadastro realizado com sucesso', '_id': 'lGHm7BhkUQtQpkuI'}</msg>
<status status="PASS" starttime="20230121 17:11:37.999" endtime="20230121 17:11:37.999"/>
</kw>
<kw name="Set Test Variable" library="BuiltIn">
<arg>${ID_USUARIO}</arg>
<arg>${resposta.json()["_id"]}</arg>
<doc>Makes a variable available everywhere within the scope of the current test.</doc>
<msg timestamp="20230121 17:11:38.012" level="INFO">${ID_USUARIO} = lGHm7BhkUQtQpkuI</msg>
<status status="PASS" starttime="20230121 17:11:37.999" endtime="20230121 17:11:38.013"/>
</kw>
<kw name="Set Test Variable" library="BuiltIn">
<arg>${RESPOSTA}</arg>
<arg>${resposta.json()}</arg>
<doc>Makes a variable available everywhere within the scope of the current test.</doc>
<msg timestamp="20230121 17:11:38.021" level="INFO">${RESPOSTA} = {'message': 'Cadastro realizado com sucesso', '_id': 'lGHm7BhkUQtQpkuI'}</msg>
<status status="PASS" starttime="20230121 17:11:38.014" endtime="20230121 17:11:38.022"/>
</kw>
<status status="PASS" starttime="20230121 17:11:37.511" endtime="20230121 17:11:38.023"/>
</kw>
<kw name="Consultar os dados do novo usuário" library="api_test_user">
<kw name="GET On Session" library="RequestsLibrary">
<var>${resposta_consulta}</var>
<arg>alias=ServeRest</arg>
<arg>url=/usuarios/${ID_USUARIO}</arg>
<arg>expected_status=200</arg>
<doc>Sends a GET request on a previously created HTTP Session.</doc>
<msg timestamp="20230121 17:11:38.210" level="INFO">GET Request : url=https://serverest.dev/usuarios/lGHm7BhkUQtQpkuI 
 path_url=/usuarios/lGHm7BhkUQtQpkuI 
 headers={'User-Agent': 'python-requests/2.28.2', 'Accept-Encoding': 'gzip, deflate', 'accept': 'application/json', 'Connection': 'keep-alive', 'Content-Type': 'application/json'} 
 body=None 
 </msg>
<msg timestamp="20230121 17:11:38.210" level="INFO">GET Response : url=https://serverest.dev/usuarios/lGHm7BhkUQtQpkuI 
 status=200, reason=OK 
 headers={'access-control-allow-origin': '*', 'x-dns-prefetch-control': 'off', 'x-frame-options': 'SAMEORIGIN', 'strict-transport-security': 'max-age=15552000; includeSubDomains', 'x-download-options': 'noopen', 'x-content-type-options': 'nosniff', 'x-xss-protection': '1; mode=block', 'x-moesif-transaction-id': '2e8189f1-f91f-48c2-b4df-3f10d0dc8eea', 'content-type': 'application/json; charset=utf-8', 'X-Cloud-Trace-Context': '2e912c9bb0ef757fe5a57f592e43a87b', 'Date': 'Sat, 21 Jan 2023 20:11:44 GMT', 'Server': 'Google Frontend', 'Content-Length': '153'} 
 body={
    "nome": "Fulano da Silva",
    "email": "nfbx@emailteste.com",
    "password": "1234",
    "administrador": "true",
    "_id": "lGHm7BhkUQtQpkuI"
} 
 </msg>
<msg timestamp="20230121 17:11:38.210" level="INFO">C:\Users\RogeTx\AppData\Local\Programs\Python\Python311\Lib\site-packages\urllib3\connectionpool.py:1045: InsecureRequestWarning: Unverified HTTPS request is being made to host 'serverest.dev'. Adding certificate verification is strongly advised. See: https://urllib3.readthedocs.io/en/1.26.x/advanced-usage.html#ssl-warnings
  warnings.warn(</msg>
<msg timestamp="20230121 17:11:38.210" level="INFO">${resposta_consulta} = &lt;Response [200]&gt;</msg>
<status status="PASS" starttime="20230121 17:11:38.029" endtime="20230121 17:11:38.210"/>
</kw>
<kw name="Log" library="BuiltIn">
<arg>${resposta_consulta.status_code}</arg>
<doc>Logs the given message with the given level.</doc>
<msg timestamp="20230121 17:11:38.210" level="INFO">200</msg>
<status status="PASS" starttime="20230121 17:11:38.210" endtime="20230121 17:11:38.210"/>
</kw>
<kw name="Log" library="BuiltIn">
<arg>${resposta_consulta.reason}</arg>
<doc>Logs the given message with the given level.</doc>
<msg timestamp="20230121 17:11:38.221" level="INFO">OK</msg>
<status status="PASS" starttime="20230121 17:11:38.210" endtime="20230121 17:11:38.221"/>
</kw>
<kw name="Log" library="BuiltIn">
<arg>${resposta_consulta.headers}</arg>
<doc>Logs the given message with the given level.</doc>
<msg timestamp="20230121 17:11:38.225" level="INFO">{'access-control-allow-origin': '*', 'x-dns-prefetch-control': 'off', 'x-frame-options': 'SAMEORIGIN', 'strict-transport-security': 'max-age=15552000; includeSubDomains', 'x-download-options': 'noopen', 'x-content-type-options': 'nosniff', 'x-xss-protection': '1; mode=block', 'x-moesif-transaction-id': '2e8189f1-f91f-48c2-b4df-3f10d0dc8eea', 'content-type': 'application/json; charset=utf-8', 'X-Cloud-Trace-Context': '2e912c9bb0ef757fe5a57f592e43a87b', 'Date': 'Sat, 21 Jan 2023 20:11:44 GMT', 'Server': 'Google Frontend', 'Content-Length': '153'}</msg>
<status status="PASS" starttime="20230121 17:11:38.222" endtime="20230121 17:11:38.226"/>
</kw>
<kw name="Log" library="BuiltIn">
<arg>${resposta_consulta.elapsed}</arg>
<doc>Logs the given message with the given level.</doc>
<msg timestamp="20230121 17:11:38.230" level="INFO">0:00:00.174684</msg>
<status status="PASS" starttime="20230121 17:11:38.227" endtime="20230121 17:11:38.233"/>
</kw>
<kw name="Log" library="BuiltIn">
<arg>${resposta_consulta.text}</arg>
<doc>Logs the given message with the given level.</doc>
<msg timestamp="20230121 17:11:38.237" level="INFO">{
    "nome": "Fulano da Silva",
    "email": "nfbx@emailteste.com",
    "password": "1234",
    "administrador": "true",
    "_id": "lGHm7BhkUQtQpkuI"
}</msg>
<status status="PASS" starttime="20230121 17:11:38.234" endtime="20230121 17:11:38.237"/>
</kw>
<kw name="Log" library="BuiltIn">
<arg>${resposta_consulta.json()}</arg>
<doc>Logs the given message with the given level.</doc>
<msg timestamp="20230121 17:11:38.238" level="INFO">{'nome': 'Fulano da Silva', 'email': 'nfbx@emailteste.com', 'password': '1234', 'administrador': 'true', '_id': 'lGHm7BhkUQtQpkuI'}</msg>
<status status="PASS" starttime="20230121 17:11:38.237" endtime="20230121 17:11:38.239"/>
</kw>
<kw name="Set Test Variable" library="BuiltIn">
<arg>${RESP_CONSULTA}</arg>
<arg>${resposta_consulta.json()}</arg>
<doc>Makes a variable available everywhere within the scope of the current test.</doc>
<msg timestamp="20230121 17:11:38.241" level="INFO">${RESP_CONSULTA} = {'nome': 'Fulano da Silva', 'email': 'nfbx@emailteste.com', 'password': '1234', 'administrador': 'true', '_id': 'lGHm7BhkUQtQpkuI'}</msg>
<status status="PASS" starttime="20230121 17:11:38.239" endtime="20230121 17:11:38.241"/>
</kw>
<status status="PASS" starttime="20230121 17:11:38.028" endtime="20230121 17:11:38.241"/>
</kw>
<kw name="Conferir os dados retornados" library="api_test_user">
<kw name="Log" library="BuiltIn">
<arg>${RESP_CONSULTA}</arg>
<doc>Logs the given message with the given level.</doc>
<msg timestamp="20230121 17:11:38.248" level="INFO">{'nome': 'Fulano da Silva', 'email': 'nfbx@emailteste.com', 'password': '1234', 'administrador': 'true', '_id': 'lGHm7BhkUQtQpkuI'}</msg>
<status status="PASS" starttime="20230121 17:11:38.247" endtime="20230121 17:11:38.248"/>
</kw>
<kw name="Dictionary Should Contain Item" library="Collections">
<arg>${RESP_CONSULTA}</arg>
<arg>nome</arg>
<arg>Fulano da Silva</arg>
<doc>An item of ``key`` / ``value`` must be found in a ``dictionary``.</doc>
<status status="PASS" starttime="20230121 17:11:38.248" endtime="20230121 17:11:38.248"/>
</kw>
<kw name="Dictionary Should Contain Item" library="Collections">
<arg>${RESP_CONSULTA}</arg>
<arg>email</arg>
<arg>${EMAIL_TESTE}</arg>
<doc>An item of ``key`` / ``value`` must be found in a ``dictionary``.</doc>
<status status="PASS" starttime="20230121 17:11:38.248" endtime="20230121 17:11:38.249"/>
</kw>
<kw name="Dictionary Should Contain Item" library="Collections">
<arg>${RESP_CONSULTA}</arg>
<arg>password</arg>
<arg>1234</arg>
<doc>An item of ``key`` / ``value`` must be found in a ``dictionary``.</doc>
<status status="PASS" starttime="20230121 17:11:38.249" endtime="20230121 17:11:38.249"/>
</kw>
<kw name="Dictionary Should Contain Item" library="Collections">
<arg>${RESP_CONSULTA}</arg>
<arg>administrador</arg>
<arg>true</arg>
<doc>An item of ``key`` / ``value`` must be found in a ``dictionary``.</doc>
<status status="PASS" starttime="20230121 17:11:38.249" endtime="20230121 17:11:38.249"/>
</kw>
<kw name="Dictionary Should Contain Item" library="Collections">
<arg>${RESP_CONSULTA}</arg>
<arg>_id</arg>
<arg>${ID_USUARIO}</arg>
<doc>An item of ``key`` / ``value`` must be found in a ``dictionary``.</doc>
<status status="PASS" starttime="20230121 17:11:38.250" endtime="20230121 17:11:38.250"/>
</kw>
<status status="PASS" starttime="20230121 17:11:38.246" endtime="20230121 17:11:38.250"/>
</kw>
<status status="PASS" starttime="20230121 17:11:37.505" endtime="20230121 17:11:38.251"/>
</test>
<status status="FAIL" starttime="20230121 17:11:35.274" endtime="20230121 17:11:38.254"/>
</suite>
<statistics>
<total>
<stat pass="2" fail="1" skip="0">All Tests</stat>
</total>
<tag>
</tag>
<suite>
<stat pass="2" fail="1" skip="0" id="s1" name="Api Test User">Api Test User</stat>
</suite>
</statistics>
<errors>
</errors>
</robot>
